android/app/build/intermediates/manifest_merge_blame_file/debug/manifest-merger-blame-debug-report.txt
1<?xml version="1.0" encoding="utf-8"?>
2<manifest xmlns:android="http://schemas.android.com/apk/res/android"
3    package="com.crayondata.acemobile"
4    android:versionCode="1"
5    android:versionName="1.0" >
6
7    <uses-sdk
8        android:minSdkVersion="21"
9        android:targetSdkVersion="33" />
10
11    <uses-permission android:name="android.permission.SYSTEM_ALERT_WINDOW" />
11-->src\debug\AndroidManifest.xml:5:5-77
11-->src\debug\AndroidManifest.xml:5:22-75
12    <uses-permission android:name="android.permission.INTERNET" />
12-->src\main\AndroidManifest.xml:3:5-67
12-->src\main\AndroidManifest.xml:3:22-64
13    <uses-permission android:name="android.permission.ACCESS_WIFI_STATE" />
13-->[com.facebook.flipper:flipper:0.182.0] AndroidManifest.xml:16:5-76
13-->[com.facebook.flipper:flipper:0.182.0] AndroidManifest.xml:16:22-73
14    <uses-permission android:name="android.permission.ACCESS_NETWORK_STATE" />
14-->[:react-native-community_netinfo] AndroidManifest.xml:7:5-79
14-->[:react-native-community_netinfo] AndroidManifest.xml:7:22-76
15
16    <queries>
16-->[net.openid:appauth:0.11.1] AndroidManifest.xml:24:5-32:15
17        <intent>
17-->[net.openid:appauth:0.11.1] AndroidManifest.xml:25:9-31:18
18            <action android:name="android.intent.action.VIEW" />
18-->src\main\AndroidManifest.xml:24:13-65
18-->src\main\AndroidManifest.xml:24:21-62
19
20            <category android:name="android.intent.category.BROWSABLE" />
20-->src\main\AndroidManifest.xml:26:13-74
20-->src\main\AndroidManifest.xml:26:23-71
21
22            <data android:scheme="https" />
23        </intent>
24    </queries>
25
26    <application
26-->src\main\AndroidManifest.xml:5:5-33:19
27        android:name="com.crayondata.acemobile.MainApplication"
27-->src\main\AndroidManifest.xml:6:7-38
28        android:allowBackup="false"
28-->src\main\AndroidManifest.xml:10:7-34
29        android:appComponentFactory="androidx.core.app.CoreComponentFactory"
29-->[androidx.core:core:1.8.0] AndroidManifest.xml:24:18-86
30        android:debuggable="true"
31        android:icon="@mipmap/ic_launcher"
31-->src\main\AndroidManifest.xml:8:7-41
32        android:label="@string/app_name"
32-->src\main\AndroidManifest.xml:7:7-39
33        android:roundIcon="@mipmap/ic_launcher"
33-->src\main\AndroidManifest.xml:9:7-46
34        android:theme="@style/AppTheme"
34-->src\main\AndroidManifest.xml:11:7-38
35        android:usesCleartextTraffic="true" >
35-->src\debug\AndroidManifest.xml:8:9-44
36        <activity
36-->src\debug\AndroidManifest.xml:11:9-111
37            android:name="com.facebook.react.devsupport.DevSettingsActivity"
37-->src\debug\AndroidManifest.xml:11:19-83
38            android:exported="false" />
38-->src\debug\AndroidManifest.xml:11:84-108
39        <activity
39-->src\main\AndroidManifest.xml:12:7-32:18
40            android:name="com.crayondata.acemobile.MainActivity"
40-->src\main\AndroidManifest.xml:13:9-37
41            android:configChanges="keyboard|keyboardHidden|orientation|screenLayout|screenSize|smallestScreenSize|uiMode"
41-->src\main\AndroidManifest.xml:15:9-118
42            android:exported="true"
42-->src\main\AndroidManifest.xml:18:9-32
43            android:label="@string/app_name"
43-->src\main\AndroidManifest.xml:14:9-41
44            android:launchMode="singleTask"
44-->src\main\AndroidManifest.xml:16:9-40
45            android:windowSoftInputMode="adjustResize" >
45-->src\main\AndroidManifest.xml:17:9-51
46            <intent-filter>
46-->src\main\AndroidManifest.xml:19:9-22:25
47                <action android:name="android.intent.action.MAIN" />
47-->src\main\AndroidManifest.xml:20:13-65
47-->src\main\AndroidManifest.xml:20:21-62
48
49                <category android:name="android.intent.category.LAUNCHER" />
49-->src\main\AndroidManifest.xml:21:13-73
49-->src\main\AndroidManifest.xml:21:23-70
50            </intent-filter>
51            <intent-filter>
51-->src\main\AndroidManifest.xml:23:9-31:25
52                <action android:name="android.intent.action.VIEW" />
52-->src\main\AndroidManifest.xml:24:13-65
52-->src\main\AndroidManifest.xml:24:21-62
53
54                <category android:name="android.intent.category.DEFAULT" />
54-->src\main\AndroidManifest.xml:25:13-72
54-->src\main\AndroidManifest.xml:25:23-69
55                <category android:name="android.intent.category.BROWSABLE" />
55-->src\main\AndroidManifest.xml:26:13-74
55-->src\main\AndroidManifest.xml:26:23-71
56
57                <data
58                    android:host="com.crayondata.acemobile"
59                    android:pathPrefix="/android/callback"
60                    android:scheme="com.crayondata.acemobile" />
61            </intent-filter>
62        </activity>
63        <activity
63-->[net.openid:appauth:0.11.1] AndroidManifest.xml:35:9-40:77
64            android:name="net.openid.appauth.AuthorizationManagementActivity"
64-->[net.openid:appauth:0.11.1] AndroidManifest.xml:36:13-78
65            android:configChanges="screenSize|smallestScreenSize|screenLayout|orientation|keyboard|keyboardHidden"
65-->[net.openid:appauth:0.11.1] AndroidManifest.xml:37:13-115
66            android:exported="false"
66-->[net.openid:appauth:0.11.1] AndroidManifest.xml:38:13-37
67            android:launchMode="singleTask"
67-->[net.openid:appauth:0.11.1] AndroidManifest.xml:39:13-44
68            android:theme="@style/Theme.AppCompat.Translucent.NoTitleBar" />
68-->[net.openid:appauth:0.11.1] AndroidManifest.xml:40:13-74
69        <activity
69-->[net.openid:appauth:0.11.1] AndroidManifest.xml:41:9-52:20
70            android:name="net.openid.appauth.RedirectUriReceiverActivity"
70-->[net.openid:appauth:0.11.1] AndroidManifest.xml:42:13-74
71            android:exported="true" >
71-->[net.openid:appauth:0.11.1] AndroidManifest.xml:43:13-36
72            <intent-filter>
72-->[net.openid:appauth:0.11.1] AndroidManifest.xml:44:13-51:29
73                <action android:name="android.intent.action.VIEW" />
73-->src\main\AndroidManifest.xml:24:13-65
73-->src\main\AndroidManifest.xml:24:21-62
74
75                <category android:name="android.intent.category.DEFAULT" />
75-->src\main\AndroidManifest.xml:25:13-72
75-->src\main\AndroidManifest.xml:25:23-69
76                <category android:name="android.intent.category.BROWSABLE" />
76-->src\main\AndroidManifest.xml:26:13-74
76-->src\main\AndroidManifest.xml:26:23-71
77
78                <data android:scheme="com.crayondata.acemobile" />
79            </intent-filter>
80        </activity>
81
82        <meta-data
82-->[com.facebook.soloader:soloader:0.10.5] AndroidManifest.xml:12:9-14:37
83            android:name="com.facebook.soloader.enabled"
83-->[com.facebook.soloader:soloader:0.10.5] AndroidManifest.xml:13:13-57
84            android:value="false" />
84-->[com.facebook.soloader:soloader:0.10.5] AndroidManifest.xml:14:13-34
85
86        <provider
86-->[androidx.emoji2:emoji2:1.2.0] AndroidManifest.xml:24:9-32:20
87            android:name="androidx.startup.InitializationProvider"
87-->[androidx.emoji2:emoji2:1.2.0] AndroidManifest.xml:25:13-67
88            android:authorities="com.crayondata.acemobile.androidx-startup"
88-->[androidx.emoji2:emoji2:1.2.0] AndroidManifest.xml:26:13-68
89            android:exported="false" >
89-->[androidx.emoji2:emoji2:1.2.0] AndroidManifest.xml:27:13-37
90            <meta-data
90-->[androidx.emoji2:emoji2:1.2.0] AndroidManifest.xml:29:13-31:52
91                android:name="androidx.emoji2.text.EmojiCompatInitializer"
91-->[androidx.emoji2:emoji2:1.2.0] AndroidManifest.xml:30:17-75
92                android:value="androidx.startup" />
92-->[androidx.emoji2:emoji2:1.2.0] AndroidManifest.xml:31:17-49
93            <meta-data
93-->[androidx.lifecycle:lifecycle-process:2.4.1] AndroidManifest.xml:31:13-33:52
94                android:name="androidx.lifecycle.ProcessLifecycleInitializer"
94-->[androidx.lifecycle:lifecycle-process:2.4.1] AndroidManifest.xml:32:17-78
95                android:value="androidx.startup" />
95-->[androidx.lifecycle:lifecycle-process:2.4.1] AndroidManifest.xml:33:17-49
96        </provider>
97    </application>
98
99</manifest>